#
# A fatal error has been detected by the Java Runtime Environment:
#
#  EXCEPTION_ACCESS_VIOLATION (0xc0000005) at pc=0x0000000058053b44, pid=25508, tid=0x0000000000006004
#
# JRE version: OpenJDK Runtime Environment (8.0_242-b01) (build 1.8.0_242-release-1644-b01)
# Java VM: OpenJDK 64-Bit Server VM (25.242-b01 mixed mode windows-amd64 compressed oops)
# Problematic frame:
# V  [jvm.dll+0x473b44]
#
# Failed to write core dump. Minidumps are not enabled by default on client versions of Windows
#
# If you would like to submit a bug report, please visit:
#   
#

---------------  T H R E A D  ---------------

Current thread (0x0000000018232800):  JavaThread "C2 CompilerThread1" daemon [_thread_in_native, id=24580, stack(0x0000000019fa0000,0x000000001a0a0000)]

siginfo: ExceptionCode=0xc0000005, reading address 0xffffffffffffffff

Registers:
RAX=0x0072656b63617254, RBX=0x000000001ffc5e50, RCX=0x000000001ffc5e70, RDX=0x0000000000000000
RSP=0x000000001a09c950, RBP=0x000000001e4955c0, RSI=0x0000000000000000, RDI=0x0000000000000000
R8 =0x0000000000000000, R9 =0x0000000000000000, R10=0x0000000000000008, R11=0x0000000000000008
R12=0x0000000000000000, R13=0x000000002ec21730, R14=0x000000002ec20280, R15=0x0000000000000000
RIP=0x0000000058053b44, EFLAGS=0x0000000000010246

Top of Stack: (sp=0x000000001a09c950)
0x000000001a09c950:   000000001ffc5e50 00000000000000b6
0x000000001a09c960:   000000001a09cbb0 0000000000000010
0x000000001a09c970:   000000005822e300 0000000000000000
0x000000001a09c980:   0000000000000000 000000000000000c
0x000000001a09c990:   000000002ec21730 0000000000000000
0x000000001a09c9a0:   00000000210bae40 0000000000000000
0x000000001a09c9b0:   0000000000000000 0000000020d44210
0x000000001a09c9c0:   0000000000000000 0000000000000000
0x000000001a09c9d0:   0000000026b96910 0000000026b9ce60
0x000000001a09c9e0:   00000000000000b7 00000000000000b6
0x000000001a09c9f0:   00000000181e58f0 000000001a09ca99
0x000000001a09ca00:   000000001a09cbb0 000000005803d458
0x000000001a09ca10:   000000001a09cbb0 00000000000000b6
0x000000001a09ca20:   0000000021128c78 000000001e4955c0
0x000000001a09ca30:   00000000000ffffe 000000001f0b59d0
0x000000001a09ca40:   0000000000000000 0000000000000000 

Instructions: (pc=0x0000000058053b44)
0x0000000058053b24:   4c 89 a4 24 90 00 00 00 45 33 e4 4c 89 64 24 48
0x0000000058053b34:   66 66 66 66 0f 1f 84 00 00 00 00 00 48 8b 45 10
0x0000000058053b44:   4d 8b 24 04 41 0f b6 44 24 2c 24 03 3c 02 0f 85
0x0000000058053b54:   bb 03 00 00 49 8b 04 24 49 8b cc 40 32 ff ff 90 


Register to memory mapping:

RAX=0x0072656b63617254 is an unknown value
RBX=0x000000001ffc5e50 is an unknown value
RCX=0x000000001ffc5e70 is an unknown value
RDX=0x0000000000000000 is an unknown value
RSP=0x000000001a09c950 is pointing into the stack for thread: 0x0000000018232800
RBP=0x000000001e4955c0 is an unknown value
RSI=0x0000000000000000 is an unknown value
RDI=0x0000000000000000 is an unknown value
R8 =0x0000000000000000 is an unknown value
R9 =0x0000000000000000 is an unknown value
R10=0x0000000000000008 is an unknown value
R11=0x0000000000000008 is an unknown value
R12=0x0000000000000000 is an unknown value
R13=0x000000002ec21730 is an unknown value
R14=0x000000002ec20280 is an unknown value
R15=0x0000000000000000 is an unknown value


Stack: [0x0000000019fa0000,0x000000001a0a0000],  sp=0x000000001a09c950,  free space=1010k
Native frames: (J=compiled Java code, j=interpreted, Vv=VM code, C=native code)
V  [jvm.dll+0x473b44]
V  [jvm.dll+0x45d458]
V  [jvm.dll+0x45e12a]
V  [jvm.dll+0x4455cc]
V  [jvm.dll+0x447fa8]
V  [jvm.dll+0x42b072]
V  [jvm.dll+0x8230f]
V  [jvm.dll+0x82c7f]
V  [jvm.dll+0x220b7f]
V  [jvm.dll+0x27276a]
C  [msvcr100.dll+0x21d9f]
C  [msvcr100.dll+0x21e3b]
C  [KERNEL32.DLL+0x16fd4]
C  [ntdll.dll+0x4cec1]


Current CompileTask:
C2:2745267 31068       4       org.gradle.api.internal.artifacts.ivyservice.ivyresolve.CachingModuleComponentRepository$LocateInCacheRepositoryAccess::resolveComponentMetaDataFromCache (366 bytes)


---------------  P R O C E S S  ---------------

Java Threads: ( => current thread )
  0x000000001f6f0800 JavaThread "WorkerExecutor Queue Thread 3" [_thread_blocked, id=19748, stack(0x000000002b510000,0x000000002b610000)]
  0x000000001f6f1000 JavaThread "WorkerExecutor Queue Thread 2" [_thread_blocked, id=17904, stack(0x000000002a290000,0x000000002a390000)]
  0x000000001f6ef800 JavaThread "stdout" [_thread_in_native, id=25612, stack(0x000000002a060000,0x000000002a160000)]
  0x000000001f6ef000 JavaThread "stderr" [_thread_in_native, id=15820, stack(0x0000000029f60000,0x000000002a060000)]
  0x000000001f6f2800 JavaThread "pool-59-thread-1" [_thread_blocked, id=18336, stack(0x0000000029e60000,0x0000000029f60000)]
  0x0000000020d41800 JavaThread "WorkerExecutor Queue" [_thread_in_native, id=5232, stack(0x0000000029d60000,0x0000000029e60000)]
  0x0000000020d41000 JavaThread "Cache worker for execution history cache (C:\Users\Will\Documents\Projects\cleanupourspace\CleanUpOurSpace\.gradle\6.1.1\executionHistory)" [_thread_blocked, id=21896, stack(0x0000000029c60000,0x0000000029d60000)]
  0x0000000020d3e000 JavaThread "Execution worker for ':' Thread 5" [_thread_blocked, id=1832, stack(0x0000000029b60000,0x0000000029c60000)]
  0x0000000020d3f800 JavaThread "Execution worker for ':' Thread 4" [_thread_blocked, id=1872, stack(0x0000000029650000,0x0000000029750000)]
  0x0000000020d39800 JavaThread "Execution worker for ':' Thread 3" [_thread_blocked, id=12516, stack(0x0000000029550000,0x0000000029650000)]
  0x0000000020d3e800 JavaThread "Execution worker for ':' Thread 2" [_thread_blocked, id=24140, stack(0x0000000029250000,0x0000000029350000)]
  0x0000000020d36800 JavaThread "Execution worker for ':'" [_thread_blocked, id=18260, stack(0x0000000029150000,0x0000000029250000)]
  0x0000000020d3d000 JavaThread "Cache worker for file content cache (C:\Users\Will\Documents\Projects\cleanupourspace\CleanUpOurSpace\.gradle\6.1.1\fileContent)" [_thread_blocked, id=20716, stack(0x0000000028750000,0x0000000028850000)]
  0x0000000020d37000 JavaThread "Cache worker for Build Output Cleanup Cache (C:\Users\Will\Documents\Projects\cleanupourspace\CleanUpOurSpace\.gradle\buildOutputCleanup)" [_thread_blocked, id=27148, stack(0x00000000275e0000,0x00000000276e0000)]
  0x0000000020d35000 JavaThread "pool-58-thread-1" [_thread_blocked, id=15940, stack(0x00000000274e0000,0x00000000275e0000)]
  0x0000000020d3b800 JavaThread "Build operations Thread 6" [_thread_blocked, id=17992, stack(0x0000000024ce0000,0x0000000024de0000)]
  0x0000000020d3b000 JavaThread "Build operations Thread 5" [_thread_blocked, id=14972, stack(0x00000000249e0000,0x0000000024ae0000)]
  0x0000000020d35800 JavaThread "Build operations Thread 4" [_thread_blocked, id=22596, stack(0x00000000244e0000,0x00000000245e0000)]
  0x0000000020d3a000 JavaThread "Build operations Thread 3" [_thread_blocked, id=8384, stack(0x00000000243e0000,0x00000000244e0000)]
  0x0000000023a49800 JavaThread "Build operations Thread 2" [_thread_blocked, id=24092, stack(0x0000000024090000,0x0000000024190000)]
  0x0000000023a48000 JavaThread "Build operations" [_thread_blocked, id=19800, stack(0x0000000023d40000,0x0000000023e40000)]
  0x0000000023a46800 JavaThread "Cache worker for cache directory md-rule (C:\Users\Will\.gradle\caches\6.1.1\md-rule)" [_thread_blocked, id=13376, stack(0x0000000021d70000,0x0000000021e70000)]
  0x0000000023a49000 JavaThread "Cache worker for cache directory md-supplier (C:\Users\Will\.gradle\caches\6.1.1\md-supplier)" [_thread_blocked, id=26428, stack(0x0000000020a20000,0x0000000020b20000)]
  0x0000000023a3d800 JavaThread "Cache worker for file hash cache (C:\Users\Will\Documents\Projects\cleanupourspace\CleanUpOurSpace\.gradle\6.1.1\fileHashes)" [_thread_blocked, id=21144, stack(0x0000000020920000,0x0000000020a20000)]
  0x0000000023a3d000 JavaThread "Cache worker for checksums cache (C:\Users\Will\Documents\Projects\cleanupourspace\CleanUpOurSpace\.gradle\checksums)" [_thread_blocked, id=23300, stack(0x000000001dd80000,0x000000001de80000)]
  0x0000000023a3c000 JavaThread "Thread-678" [_thread_blocked, id=2104, stack(0x000000001dc80000,0x000000001dd80000)]
  0x0000000023a43000 JavaThread "Stdin handler" [_thread_blocked, id=2304, stack(0x000000001db80000,0x000000001dc80000)]
  0x0000000023a3b800 JavaThread "Asynchronous log dispatcher for DefaultDaemonConnection: socket connection from /127.0.0.1:49339 to /127.0.0.1:50706" [_thread_blocked, id=25900, stack(0x000000001da80000,0x000000001db80000)]
  0x0000000023a42000 JavaThread "Daemon worker Thread 18" [_thread_blocked, id=10688, stack(0x000000001d980000,0x000000001da80000)]
  0x0000000023a41800 JavaThread "Cancel handler" [_thread_blocked, id=16600, stack(0x000000001d680000,0x000000001d780000)]
  0x0000000023a3f000 JavaThread "Handler for socket connection from /127.0.0.1:49339 to /127.0.0.1:50706" [_thread_in_native, id=25404, stack(0x000000001d580000,0x000000001d680000)]
  0x0000000023a40800 JavaThread "Daemon Thread 18" [_thread_blocked, id=15824, stack(0x00000000014b0000,0x00000000015b0000)]
  0x0000000020d42800 JavaThread "Cache worker for Java compile cache (C:\Users\Will\.gradle\caches\6.1.1\javaCompile)" [_thread_blocked, id=18828, stack(0x0000000028e50000,0x0000000028f50000)]
  0x0000000020d38800 JavaThread "MarlinRenderer Disposer" daemon [_thread_blocked, id=17376, stack(0x0000000029a60000,0x0000000029b60000)]
  0x000000001f6f8800 JavaThread "Java2D Disposer" daemon [_thread_blocked, id=25308, stack(0x0000000029950000,0x0000000029a50000)]
  0x000000001f6ee000 JavaThread "Cache worker for file content cache (C:\Users\Will\.gradle\caches\6.1.1\fileContent)" [_thread_blocked, id=1716, stack(0x0000000028650000,0x0000000028750000)]
  0x000000001f6ed800 JavaThread "Memory manager" [_thread_blocked, id=15748, stack(0x0000000028080000,0x0000000028180000)]
  0x000000001c470000 JavaThread "Cache worker for execution history cache (C:\Users\Will\.gradle\caches\6.1.1\executionHistory)" [_thread_blocked, id=24268, stack(0x0000000021e70000,0x0000000021f70000)]
  0x000000001c474800 JavaThread "Cache worker for file hash cache (C:\Users\Will\.gradle\caches\6.1.1\fileHashes)" [_thread_blocked, id=26848, stack(0x000000001e280000,0x000000001e380000)]
  0x000000001c473000 JavaThread "File lock request listener" [_thread_in_native, id=27428, stack(0x000000001e180000,0x000000001e280000)]
  0x000000001c693000 JavaThread "Cache worker for journal cache (C:\Users\Will\.gradle\caches\journal-1)" [_thread_blocked, id=6296, stack(0x000000001e080000,0x000000001e180000)]
  0x000000001c233800 JavaThread "Daemon periodic checks" [_thread_blocked, id=10516, stack(0x000000001d480000,0x000000001d580000)]
  0x000000001c2e7000 JavaThread "Incoming local TCP Connector on port 49339" [_thread_in_native, id=4636, stack(0x000000001d240000,0x000000001d340000)]
  0x000000001c2b3000 JavaThread "Daemon health stats" [_thread_blocked, id=17812, stack(0x000000001cf40000,0x000000001d040000)]
  0x000000001823e800 JavaThread "Service Thread" daemon [_thread_blocked, id=5820, stack(0x000000001a5a0000,0x000000001a6a0000)]
  0x0000000018238000 JavaThread "C1 CompilerThread2" daemon [_thread_blocked, id=13652, stack(0x000000001a0a0000,0x000000001a1a0000)]
=>0x0000000018232800 JavaThread "C2 CompilerThread1" daemon [_thread_in_native, id=24580, stack(0x0000000019fa0000,0x000000001a0a0000)]
  0x0000000018228800 JavaThread "C2 CompilerThread0" daemon [_thread_in_native, id=23712, stack(0x0000000019ea0000,0x0000000019fa0000)]
  0x0000000018227800 JavaThread "Attach Listener" daemon [_thread_blocked, id=10584, stack(0x0000000019da0000,0x0000000019ea0000)]
  0x000000001822a000 JavaThread "Signal Dispatcher" daemon [_thread_blocked, id=20112, stack(0x0000000019ca0000,0x0000000019da0000)]
  0x00000000033bd000 JavaThread "Finalizer" daemon [_thread_blocked, id=3084, stack(0x0000000019aa0000,0x0000000019ba0000)]
  0x000000001820b800 JavaThread "Reference Handler" daemon [_thread_blocked, id=7976, stack(0x00000000199a0000,0x0000000019aa0000)]
  0x000000000327e000 JavaThread "main" [_thread_blocked, id=1880, stack(0x0000000003140000,0x0000000003240000)]

Other Threads:
  0x00000000181e6800 VMThread [stack: 0x00000000198a0000,0x00000000199a0000] [id=25752]
  0x000000001a205000 WatcherThread [stack: 0x000000001a6a0000,0x000000001a7a0000] [id=22616]

VM state:not at safepoint (normal execution)

VM Mutex/Monitor currently owned by a thread: None

heap address: 0x0000000080000000, size: 2048 MB, Compressed Oops mode: 32-bit
Narrow klass base: 0x0000000000000000, Narrow klass shift: 3
Compressed class space size: 1073741824 Address: 0x0000000100000000

Heap:
 PSYoungGen      total 341504K, used 83572K [0x00000000d5580000, 0x00000000f1500000, 0x0000000100000000)
  eden space 308736K, 16% used [0x00000000d5580000,0x00000000d8744070,0x00000000e8300000)
  from space 32768K, 99% used [0x00000000e8c00000,0x00000000eabd90e8,0x00000000eac00000)
  to   space 74752K, 0% used [0x00000000ecc00000,0x00000000ecc00000,0x00000000f1500000)
 ParOldGen       total 304128K, used 106091K [0x0000000080000000, 0x0000000092900000, 0x00000000d5580000)
  object space 304128K, 34% used [0x0000000080000000,0x000000008679acd0,0x0000000092900000)
 Metaspace       used 124726K, capacity 134044K, committed 134272K, reserved 1165312K
  class space    used 15851K, capacity 17447K, committed 17536K, reserved 1048576K

Card table byte_map: [0x0000000012780000,0x0000000012b90000] byte_map_base: 0x0000000012380000

Marking Bits: (ParMarkBitMap*) 0x00000000583af030
 Begin Bits: [0x0000000013440000, 0x0000000015440000)
 End Bits:   [0x0000000015440000, 0x0000000017440000)

Polling page: 0x0000000001630000

CodeCache: size=245760Kb used=81620Kb max_used=81620Kb free=164139Kb
 bounds [0x00000000033c0000, 0x0000000008400000, 0x00000000123c0000]
 total_blobs=24149 nmethods=23064 adapters=992
 compilation: enabled

Compilation events (10 events):
Event: 2745.224 Thread 0x0000000018238000 nmethod 31176 0x00000000062844d0 code [0x0000000006284700, 0x0000000006285758]
Event: 2745.224 Thread 0x0000000018238000 31177       3       com.android.build.gradle.internal.profile.TaskProfilingRecord::duration (46 bytes)
Event: 2745.225 Thread 0x0000000018238000 nmethod 31177 0x0000000006283890 code [0x0000000006283a60, 0x0000000006284298]
Event: 2745.225 Thread 0x0000000018238000 31178       3       com.android.build.gradle.internal.profile.TaskProfilingRecord::lastWorkerCompletionTime (58 bytes)
Event: 2745.225 Thread 0x0000000018238000 nmethod 31178 0x0000000006282550 code [0x00000000062827a0, 0x0000000006283308]
Event: 2745.225 Thread 0x0000000018238000 31180       3       java.time.Instant::isAfter (14 bytes)
Event: 2745.225 Thread 0x0000000018238000 nmethod 31180 0x0000000006281ed0 code [0x0000000006282040, 0x0000000006282430]
Event: 2745.227 Thread 0x0000000018238000 31181       3       org.gradle.api.internal.artifacts.ivyservice.ivyresolve.verification.DependencyVerificationOverride::artifactsAccessed (1 bytes)
Event: 2745.228 Thread 0x0000000018238000 nmethod 31181 0x0000000005a6b550 code [0x0000000005a6b6a0, 0x0000000005a6b7f0]
Event: 2745.235 Thread 0x0000000018238000 31182       1       org.gradle.cache.internal.btree.BTreePersistentIndexedCache$HeaderBlock::getType (3 bytes)

GC Heap History (10 events):
Event: 2340.886 GC heap before
{Heap before GC invocations=37 (full 4):
 PSYoungGen      total 427520K, used 413143K [0x00000000d5580000, 0x00000000f4a00000, 0x0000000100000000)
  eden space 358912K, 100% used [0x00000000d5580000,0x00000000eb400000,0x00000000eb400000)
  from space 68608K, 79% used [0x00000000f0700000,0x00000000f3bf5e90,0x00000000f4a00000)
  to   space 76800K, 0% used [0x00000000eb400000,0x00000000eb400000,0x00000000eff00000)
 ParOldGen       total 304128K, used 94517K [0x0000000080000000, 0x0000000092900000, 0x00000000d5580000)
  object space 304128K, 31% used [0x0000000080000000,0x0000000085c4d698,0x0000000092900000)
 Metaspace       used 124092K, capacity 133282K, committed 133376K, reserved 1165312K
  class space    used 15828K, capacity 17408K, committed 17408K, reserved 1048576K
Event: 2340.931 GC heap after
Heap after GC invocations=37 (full 4):
 PSYoungGen      total 423936K, used 75350K [0x00000000d5580000, 0x00000000f5280000, 0x0000000100000000)
  eden space 348160K, 0% used [0x00000000d5580000,0x00000000d5580000,0x00000000ea980000)
  from space 75776K, 99% used [0x00000000eb400000,0x00000000efd959e8,0x00000000efe00000)
  to   space 86528K, 0% used [0x00000000efe00000,0x00000000efe00000,0x00000000f5280000)
 ParOldGen       total 304128K, used 97636K [0x0000000080000000, 0x0000000092900000, 0x00000000d5580000)
  object space 304128K, 32% used [0x0000000080000000,0x0000000085f59278,0x0000000092900000)
 Metaspace       used 124092K, capacity 133282K, committed 133376K, reserved 1165312K
  class space    used 15828K, capacity 17408K, committed 17408K, reserved 1048576K
}
Event: 2447.831 GC heap before
{Heap before GC invocations=38 (full 4):
 PSYoungGen      total 423936K, used 423510K [0x00000000d5580000, 0x00000000f5280000, 0x0000000100000000)
  eden space 348160K, 100% used [0x00000000d5580000,0x00000000ea980000,0x00000000ea980000)
  from space 75776K, 99% used [0x00000000eb400000,0x00000000efd959e8,0x00000000efe00000)
  to   space 86528K, 0% used [0x00000000efe00000,0x00000000efe00000,0x00000000f5280000)
 ParOldGen       total 304128K, used 97636K [0x0000000080000000, 0x0000000092900000, 0x00000000d5580000)
  object space 304128K, 32% used [0x0000000080000000,0x0000000085f59278,0x0000000092900000)
 Metaspace       used 124315K, capacity 133640K, committed 133760K, reserved 1165312K
  class space    used 15843K, capacity 17435K, committed 17536K, reserved 1048576K
Event: 2447.857 GC heap after
Heap after GC invocations=38 (full 4):
 PSYoungGen      total 407040K, used 43523K [0x00000000d5580000, 0x00000000f4180000, 0x0000000100000000)
  eden space 337920K, 0% used [0x00000000d5580000,0x00000000d5580000,0x00000000e9f80000)
  from space 69120K, 62% used [0x00000000efe00000,0x00000000f2880dd8,0x00000000f4180000)
  to   space 82944K, 0% used [0x00000000e9f80000,0x00000000e9f80000,0x00000000ef080000)
 ParOldGen       total 304128K, used 97644K [0x0000000080000000, 0x0000000092900000, 0x00000000d5580000)
  object space 304128K, 32% used [0x0000000080000000,0x0000000085f5b278,0x0000000092900000)
 Metaspace       used 124315K, capacity 133640K, committed 133760K, reserved 1165312K
  class space    used 15843K, capacity 17435K, committed 17536K, reserved 1048576K
}
Event: 2559.796 GC heap before
{Heap before GC invocations=39 (full 4):
 PSYoungGen      total 407040K, used 381443K [0x00000000d5580000, 0x00000000f4180000, 0x0000000100000000)
  eden space 337920K, 100% used [0x00000000d5580000,0x00000000e9f80000,0x00000000e9f80000)
  from space 69120K, 62% used [0x00000000efe00000,0x00000000f2880dd8,0x00000000f4180000)
  to   space 82944K, 0% used [0x00000000e9f80000,0x00000000e9f80000,0x00000000ef080000)
 ParOldGen       total 304128K, used 97644K [0x0000000080000000, 0x0000000092900000, 0x00000000d5580000)
  object space 304128K, 32% used [0x0000000080000000,0x0000000085f5b278,0x0000000092900000)
 Metaspace       used 124498K, capacity 133898K, committed 134016K, reserved 1165312K
  class space    used 15849K, capacity 17446K, committed 17536K, reserved 1048576K
Event: 2559.818 GC heap after
Heap after GC invocations=39 (full 4):
 PSYoungGen      total 370176K, used 42486K [0x00000000d5580000, 0x00000000f2f80000, 0x0000000100000000)
  eden space 327680K, 0% used [0x00000000d5580000,0x00000000d5580000,0x00000000e9580000)
  from space 42496K, 99% used [0x00000000e9f80000,0x00000000ec8fd810,0x00000000ec900000)
  to   space 78848K, 0% used [0x00000000ee280000,0x00000000ee280000,0x00000000f2f80000)
 ParOldGen       total 304128K, used 97652K [0x0000000080000000, 0x0000000092900000, 0x00000000d5580000)
  object space 304128K, 32% used [0x0000000080000000,0x0000000085f5d278,0x0000000092900000)
 Metaspace       used 124498K, capacity 133898K, committed 134016K, reserved 1165312K
  class space    used 15849K, capacity 17446K, committed 17536K, reserved 1048576K
}
Event: 2661.026 GC heap before
{Heap before GC invocations=40 (full 4):
 PSYoungGen      total 370176K, used 370166K [0x00000000d5580000, 0x00000000f2f80000, 0x0000000100000000)
  eden space 327680K, 100% used [0x00000000d5580000,0x00000000e9580000,0x00000000e9580000)
  from space 42496K, 99% used [0x00000000e9f80000,0x00000000ec8fd810,0x00000000ec900000)
  to   space 78848K, 0% used [0x00000000ee280000,0x00000000ee280000,0x00000000f2f80000)
 ParOldGen       total 304128K, used 97652K [0x0000000080000000, 0x0000000092900000, 0x00000000d5580000)
  object space 304128K, 32% used [0x0000000080000000,0x0000000085f5d278,0x0000000092900000)
 Metaspace       used 124601K, capacity 133962K, committed 134272K, reserved 1165312K
  class space    used 15850K, capacity 17446K, committed 17536K, reserved 1048576K
Event: 2661.044 GC heap after
Heap after GC invocations=40 (full 4):
 PSYoungGen      total 382976K, used 32190K [0x00000000d5580000, 0x00000000f2200000, 0x0000000100000000)
  eden space 317952K, 0% used [0x00000000d5580000,0x00000000d5580000,0x00000000e8c00000)
  from space 65024K, 49% used [0x00000000ee280000,0x00000000f01ef860,0x00000000f2200000)
  to   space 76800K, 0% used [0x00000000e8c00000,0x00000000e8c00000,0x00000000ed700000)
 ParOldGen       total 304128K, used 103963K [0x0000000080000000, 0x0000000092900000, 0x00000000d5580000)
  object space 304128K, 34% used [0x0000000080000000,0x0000000086586e40,0x0000000092900000)
 Metaspace       used 124601K, capacity 133962K, committed 134272K, reserved 1165312K
  class space    used 15850K, capacity 17446K, committed 17536K, reserved 1048576K
}
Event: 2745.074 GC heap before
{Heap before GC invocations=41 (full 4):
 PSYoungGen      total 382976K, used 350142K [0x00000000d5580000, 0x00000000f2200000, 0x0000000100000000)
  eden space 317952K, 100% used [0x00000000d5580000,0x00000000e8c00000,0x00000000e8c00000)
  from space 65024K, 49% used [0x00000000ee280000,0x00000000f01ef860,0x00000000f2200000)
  to   space 76800K, 0% used [0x00000000e8c00000,0x00000000e8c00000,0x00000000ed700000)
 ParOldGen       total 304128K, used 103963K [0x0000000080000000, 0x0000000092900000, 0x00000000d5580000)
  object space 304128K, 34% used [0x0000000080000000,0x0000000086586e40,0x0000000092900000)
 Metaspace       used 124698K, capacity 134040K, committed 134272K, reserved 1165312K
  class space    used 15851K, capacity 17447K, committed 17536K, reserved 1048576K
Event: 2745.094 GC heap after
Heap after GC invocations=41 (full 4):
 PSYoungGen      total 341504K, used 32612K [0x00000000d5580000, 0x00000000f1500000, 0x0000000100000000)
  eden space 308736K, 0% used [0x00000000d5580000,0x00000000d5580000,0x00000000e8300000)
  from space 32768K, 99% used [0x00000000e8c00000,0x00000000eabd90e8,0x00000000eac00000)
  to   space 74752K, 0% used [0x00000000ecc00000,0x00000000ecc00000,0x00000000f1500000)
 ParOldGen       total 304128K, used 106091K [0x0000000080000000, 0x0000000092900000, 0x00000000d5580000)
  object space 304128K, 34% used [0x0000000080000000,0x000000008679acd0,0x0000000092900000)
 Metaspace       used 124698K, capacity 134040K, committed 134272K, reserved 1165312K
  class space    used 15851K, capacity 17447K, committed 17536K, reserved 1048576K
}

Deoptimization events (10 events):
Event: 2340.451 Thread 0x0000000020d3e800 Uncommon trap: reason=array_check action=maybe_recompile pc=0x0000000007e8b8c0 method=java.util.ComparableTimSort.mergeLo(IIII)V @ 133
Event: 2340.633 Thread 0x0000000020d41000 Uncommon trap: reason=null_check action=make_not_entrant pc=0x0000000004ce3254 method=org.gradle.api.internal.tasks.properties.bean.AbstractNestedRuntimeBeanNode$BeanPropertyValue.isConfigurable()Z @ 9
Event: 2375.538 Thread 0x0000000020d3b800 Uncommon trap: reason=unstable_if action=reinterpret pc=0x0000000004a14968 method=java.lang.ref.SoftReference.get()Ljava/lang/Object; @ 6
Event: 2375.816 Thread 0x0000000023a3f000 Uncommon trap: reason=unstable_if action=reinterpret pc=0x0000000007dddac4 method=java.util.concurrent.ForkJoinTask.externalInterruptibleAwaitDone()I @ 102
Event: 2448.903 Thread 0x000000001f6f3800 Uncommon trap: reason=unstable_if action=reinterpret pc=0x0000000006c6309c method=java.util.concurrent.locks.AbstractQueuedSynchronizer$ConditionObject.awaitNanos(J)J @ 115
Event: 2558.761 Thread 0x0000000020d41000 Uncommon trap: reason=speculate_class_check action=maybe_recompile pc=0x0000000004e41694 method=com.sun.org.apache.xerces.internal.dom.ElementImpl.getNodeName()Ljava/lang/String; @ 8
Event: 2559.761 Thread 0x000000001f6f3800 Uncommon trap: reason=class_check action=maybe_recompile pc=0x0000000008175f60 method=com.google.common.base.Suppliers$NonSerializableMemoizingSupplier.<init>(Lcom/google/common/base/Supplier;)V @ 9
Event: 2559.761 Thread 0x000000001f6f3800 Uncommon trap: reason=class_check action=maybe_recompile pc=0x0000000008175f60 method=com.google.common.base.Suppliers$NonSerializableMemoizingSupplier.<init>(Lcom/google/common/base/Supplier;)V @ 9
Event: 2559.766 Thread 0x000000001f6f3800 Uncommon trap: reason=class_check action=maybe_recompile pc=0x0000000008175f60 method=com.google.common.base.Suppliers$NonSerializableMemoizingSupplier.<init>(Lcom/google/common/base/Supplier;)V @ 9
Event: 2559.767 Thread 0x000000001f6f3800 Uncommon trap: reason=class_check action=maybe_recompile pc=0x0000000008175f60 method=com.google.common.base.Suppliers$NonSerializableMemoizingSupplier.<init>(Lcom/google/common/base/Supplier;)V @ 9

Classes redefined (0 events):
No events

Internal exceptions (10 events):
Event: 2661.078 Thread 0x0000000020d3f800 Exception <a 'sun/nio/fs/WindowsException'> (0x00000000d6732018) thrown at [C:\src\AOSP-openjdk-git\hotspot\src\share\vm\prims\jni.cpp, line 710]
Event: 2661.078 Thread 0x0000000020d3f800 Exception <a 'sun/nio/fs/WindowsException'> (0x00000000d6733e90) thrown at [C:\src\AOSP-openjdk-git\hotspot\src\share\vm\prims\jni.cpp, line 710]
Event: 2661.078 Thread 0x0000000020d3f800 Exception <a 'sun/nio/fs/WindowsException'> (0x00000000d6734b78) thrown at [C:\src\AOSP-openjdk-git\hotspot\src\share\vm\prims\jni.cpp, line 710]
Event: 2661.079 Thread 0x0000000020d3f800 Exception <a 'sun/nio/fs/WindowsException'> (0x00000000d67358e8) thrown at [C:\src\AOSP-openjdk-git\hotspot\src\share\vm\prims\jni.cpp, line 710]
Event: 2661.273 Thread 0x000000001f6f2800 Exception <a 'sun/nio/fs/WindowsException'> (0x00000000d8f13660) thrown at [C:\src\AOSP-openjdk-git\hotspot\src\share\vm\prims\jni.cpp, line 710]
Event: 2661.281 Thread 0x000000001f6f2800 Exception <a 'sun/nio/fs/WindowsException'> (0x00000000d929c718) thrown at [C:\src\AOSP-openjdk-git\hotspot\src\share\vm\prims\jni.cpp, line 710]
Event: 2661.395 Thread 0x000000001f6fb000 Exception <a 'sun/nio/fs/WindowsException'> (0x00000000dc0db418) thrown at [C:\src\AOSP-openjdk-git\hotspot\src\share\vm\prims\jni.cpp, line 710]
Event: 2661.746 Thread 0x0000000023a3b800 Exception <a 'sun/nio/fs/WindowsException'> (0x00000000e3dd15e8) thrown at [C:\src\AOSP-openjdk-git\hotspot\src\share\vm\prims\jni.cpp, line 710]
Event: 2661.869 Thread 0x000000001cac0800 Exception <a 'sun/nio/fs/WindowsException'> (0x00000000e48e8618) thrown at [C:\src\AOSP-openjdk-git\hotspot\src\share\vm\prims\jni.cpp, line 710]
Event: 2744.845 Thread 0x0000000023a42000 Exception <a 'sun/nio/fs/WindowsException'> (0x00000000e57685c0) thrown at [C:\src\AOSP-openjdk-git\hotspot\src\share\vm\prims\jni.cpp, line 710]

Events (10 events):
Event: 2745.110 Thread 0x0000000018238000 flushing nmethod 0x000000000623f990
Event: 2745.111 Thread 0x0000000018238000 flushing nmethod 0x0000000006281790
Event: 2745.124 Thread 0x0000000020d41800 Thread added: 0x0000000020d41800
Event: 2745.125 Executing VM operation: RevokeBias
Event: 2745.125 Executing VM operation: RevokeBias done
Event: 2745.125 Thread 0x000000001f6f2800 Thread added: 0x000000001f6f2800
Event: 2745.142 Thread 0x000000001f6ef000 Thread added: 0x000000001f6ef000
Event: 2745.142 Thread 0x000000001f6ef800 Thread added: 0x000000001f6ef800
Event: 2745.145 Executing VM operation: RevokeBias
Event: 2745.145 Executing VM operation: RevokeBias done


Dynamic libraries:
0x00007ff79e790000 - 0x00007ff79e7c1000 	C:\Program Files\Android\Android Studio\jre\bin\java.exe
0x00007ff8f1590000 - 0x00007ff8f1785000 	C:\WINDOWS\SYSTEM32\ntdll.dll
0x00007ff8f0f90000 - 0x00007ff8f104d000 	C:\WINDOWS\System32\KERNEL32.DLL
0x00007ff8eed70000 - 0x00007ff8ef037000 	C:\WINDOWS\System32\KERNELBASE.dll
0x00007ff8f05d0000 - 0x00007ff8f067a000 	C:\WINDOWS\System32\ADVAPI32.dll
0x00007ff8f1370000 - 0x00007ff8f140e000 	C:\WINDOWS\System32\msvcrt.dll
0x00007ff8f0dc0000 - 0x00007ff8f0e5b000 	C:\WINDOWS\System32\sechost.dll
0x00007ff8f1120000 - 0x00007ff8f1244000 	C:\WINDOWS\System32\RPCRT4.dll
0x00007ff8f0330000 - 0x00007ff8f04d0000 	C:\WINDOWS\System32\USER32.dll
0x00007ff8ef4c0000 - 0x00007ff8ef4e2000 	C:\WINDOWS\System32\win32u.dll
0x00007ff8f0690000 - 0x00007ff8f06ba000 	C:\WINDOWS\System32\GDI32.dll
0x00007ff8ef2b0000 - 0x00007ff8ef3b9000 	C:\WINDOWS\System32\gdi32full.dll
0x00007ff8eecd0000 - 0x00007ff8eed6d000 	C:\WINDOWS\System32\msvcp_win.dll
0x00007ff8ef3c0000 - 0x00007ff8ef4c0000 	C:\WINDOWS\System32\ucrtbase.dll
0x00007ff8dcd70000 - 0x00007ff8dd00b000 	C:\WINDOWS\WinSxS\amd64_microsoft.windows.common-controls_6595b64144ccf1df_6.0.19041.488_none_ca04af081b815d21\COMCTL32.dll
0x00007ff8f1520000 - 0x00007ff8f1550000 	C:\WINDOWS\System32\IMM32.DLL
0x00007ff8b5440000 - 0x00007ff8b54f2000 	C:\Program Files\McAfee\Endpoint Security\Threat Prevention\Ips\EpMPApi.dll
0x00007ff8ef040000 - 0x00007ff8ef0a0000 	C:\WINDOWS\System32\WINTRUST.dll
0x00007ff8ef150000 - 0x00007ff8ef2ad000 	C:\WINDOWS\System32\CRYPT32.dll
0x00007ff8ee8c0000 - 0x00007ff8ee8d2000 	C:\WINDOWS\SYSTEM32\MSASN1.dll
0x0000000058490000 - 0x000000005849c000 	C:\Program Files\McAfee\Endpoint Security\Threat Prevention\Ips\EpMPThe.dll
0x00007ff8b53f0000 - 0x00007ff8b543f000 	C:\Program Files\McAfee\Endpoint Security\Threat Prevention\Ips\HIPHandlers64.dll
0x00007ff8efb80000 - 0x00007ff8efbd5000 	C:\WINDOWS\System32\SHLWAPI.dll
0x00007ff8e4000000 - 0x00007ff8e41e4000 	C:\WINDOWS\SYSTEM32\dbghelp.dll
0x0000000057b00000 - 0x0000000057bd2000 	C:\Program Files\Android\Android Studio\jre\jre\bin\msvcr100.dll
0x0000000057be0000 - 0x000000005842b000 	C:\Program Files\Android\Android Studio\jre\jre\bin\server\jvm.dll
0x00007ff8f1250000 - 0x00007ff8f1258000 	C:\WINDOWS\System32\PSAPI.DLL
0x00007ff8ea940000 - 0x00007ff8ea949000 	C:\WINDOWS\SYSTEM32\WSOCK32.dll
0x00007ff8e5f80000 - 0x00007ff8e5fa7000 	C:\WINDOWS\SYSTEM32\WINMM.dll
0x00007ff8f09f0000 - 0x00007ff8f0a5b000 	C:\WINDOWS\System32\WS2_32.dll
0x00007ff8edbb0000 - 0x00007ff8edbba000 	C:\WINDOWS\SYSTEM32\VERSION.dll
0x00007ff8ea930000 - 0x00007ff8ea93f000 	C:\Program Files\Android\Android Studio\jre\jre\bin\verify.dll
0x00007ff8e0af0000 - 0x00007ff8e0b19000 	C:\Program Files\Android\Android Studio\jre\jre\bin\java.dll
0x00007ff8ea360000 - 0x00007ff8ea376000 	C:\Program Files\Android\Android Studio\jre\jre\bin\zip.dll
0x00007ff8efbe0000 - 0x00007ff8f0321000 	C:\WINDOWS\System32\SHELL32.dll
0x00007ff8ed3d0000 - 0x00007ff8edb63000 	C:\WINDOWS\SYSTEM32\windows.storage.dll
0x00007ff8f0a60000 - 0x00007ff8f0db5000 	C:\WINDOWS\System32\combase.dll
0x00007ff8ee740000 - 0x00007ff8ee76c000 	C:\WINDOWS\SYSTEM32\Wldp.dll
0x00007ff8f1260000 - 0x00007ff8f130e000 	C:\WINDOWS\System32\SHCORE.dll
0x00007ff8eec00000 - 0x00007ff8eec26000 	C:\WINDOWS\SYSTEM32\profapi.dll
0x00007ff8d9820000 - 0x00007ff8d983a000 	C:\Program Files\Android\Android Studio\jre\jre\bin\net.dll
0x00007ff8ee4c0000 - 0x00007ff8ee52a000 	C:\WINDOWS\system32\mswsock.dll
0x00007ff8d97e0000 - 0x00007ff8d97f3000 	C:\Program Files\Android\Android Studio\jre\jre\bin\nio.dll
0x00007ff8d6620000 - 0x00007ff8d6646000 	C:\Users\Will\.gradle\native\31\windows-amd64\native-platform.dll
0x00007ff8ea850000 - 0x00007ff8ea85d000 	C:\Program Files\Android\Android Studio\jre\jre\bin\management.dll
0x00007ff8ee690000 - 0x00007ff8ee6a8000 	C:\WINDOWS\SYSTEM32\CRYPTSP.dll
0x00007ff8edde0000 - 0x00007ff8ede14000 	C:\WINDOWS\system32\rsaenh.dll
0x00007ff8ef540000 - 0x00007ff8ef567000 	C:\WINDOWS\System32\bcrypt.dll
0x00007ff8eebc0000 - 0x00007ff8eebee000 	C:\WINDOWS\SYSTEM32\USERENV.dll
0x00007ff8ef570000 - 0x00007ff8ef5ef000 	C:\WINDOWS\System32\bcryptprimitives.dll
0x00007ff8ee6b0000 - 0x00007ff8ee6bc000 	C:\WINDOWS\SYSTEM32\CRYPTBASE.dll
0x00007ff8ee160000 - 0x00007ff8ee19b000 	C:\WINDOWS\SYSTEM32\IPHLPAPI.DLL
0x00007ff8f0680000 - 0x00007ff8f0689000 	C:\WINDOWS\System32\NSI.dll
0x00007ff8e8c70000 - 0x00007ff8e8c87000 	C:\WINDOWS\SYSTEM32\dhcpcsvc6.DLL
0x00007ff8e8ba0000 - 0x00007ff8e8bbd000 	C:\WINDOWS\SYSTEM32\dhcpcsvc.DLL
0x00007ff8ee1b0000 - 0x00007ff8ee27b000 	C:\WINDOWS\SYSTEM32\DNSAPI.dll
0x00007ff8d6880000 - 0x00007ff8d68a4000 	C:\Program Files\Android\Android Studio\jre\jre\bin\sunec.dll
0x00007ff8ea7c0000 - 0x00007ff8ea7cb000 	C:\Program Files\Android\Android Studio\jre\jre\bin\sunmscapi.dll
0x00007ff8e6c40000 - 0x00007ff8e6c4a000 	C:\Windows\System32\rasadhlp.dll
0x00007ff8e3d90000 - 0x00007ff8e3e0f000 	C:\WINDOWS\System32\fwpuclnt.dll
0x00007ff8ed0f0000 - 0x00007ff8ed123000 	C:\WINDOWS\SYSTEM32\ntmarta.dll
0x00007ff8b6550000 - 0x00007ff8b66ec000 	C:\Program Files\Android\Android Studio\jre\jre\bin\awt.dll
0x00007ff8f1050000 - 0x00007ff8f111d000 	C:\WINDOWS\System32\OLEAUT32.dll
0x00007ff8ec7f0000 - 0x00007ff8ec81f000 	C:\WINDOWS\SYSTEM32\dwmapi.dll
0x00007ff8eb2b0000 - 0x00007ff8eb870000 	C:\WINDOWS\SYSTEM32\d2d1.dll
0x00007ff8ec450000 - 0x00007ff8ec4e0000 	C:\WINDOWS\SYSTEM32\apphelp.dll
0x00007ff8ec5a0000 - 0x00007ff8ec63f000 	C:\WINDOWS\system32\uxtheme.dll

VM Arguments:
jvm_args: -Xmx2048m -Dfile.encoding=windows-1252 -Duser.country=US -Duser.language=en -Duser.variant 
java_command: org.gradle.launcher.daemon.bootstrap.GradleDaemon 6.1.1
java_class_path (initial): C:\Users\Will\.gradle\wrapper\dists\gradle-6.1.1-all\cfmwm155h49vnt3hynmlrsdst\gradle-6.1.1\lib\gradle-launcher-6.1.1.jar
Launcher Type: SUN_STANDARD

Environment Variables:
PATH=C:\Program Files (x86)\Common Files\Oracle\Java\javapath;C:\Program Files (x86)\Razer Chroma SDK\bin;C:\Program Files\Razer Chroma SDK\bin;C:\Program Files (x86)\Razer\ChromaBroadcast\bin;C:\Program Files\Razer\ChromaBroadcast\bin;C:\Windows\system32;C:\Windows;C:\Windows\System32\Wbem;C:\Windows\System32\WindowsPowerShell\v1.0\;C:\Program Files\NVIDIA Corporation\NVIDIA NvDLISR;C:\WINDOWS\system32;C:\WINDOWS;C:\WINDOWS\System32\Wbem;C:\WINDOWS\System32\WindowsPowerShell\v1.0\;C:\WINDOWS\System32\OpenSSH\;C:\WINDOWS\system32\config\systemprofile\AppData\Local\Microsoft\WindowsApps;C:\Users\Will\AppData\Local\Microsoft\WindowsApps;C:\Program Files\Git\cmd;C:\WINDOWS\system32;C:\WINDOWS;C:\WINDOWS\System32\Wbem;C:\WINDOWS\System32\WindowsPowerShell\v1.0\;C:\WINDOWS\System32\OpenSSH\;C:\Program Files (x86)\NVIDIA Corporation\PhysX\Common;C:\Users\Will\AppData\Local\Microsoft\WindowsApps;;C:\Users\Will\AppData\Local\Programs\Microsoft VS Code\bin
USERNAME=Will
OS=Windows_NT
PROCESSOR_IDENTIFIER=Intel64 Family 6 Model 158 Stepping 10, GenuineIntel



---------------  S Y S T E M  ---------------

OS: Windows 10.0 , 64 bit Build 19041 (10.0.19041.292)

CPU:total 6 (initial active 6) (6 cores per cpu, 1 threads per core) family 6 model 158 stepping 10, cmov, cx8, fxsr, mmx, sse, sse2, sse3, ssse3, sse4.1, sse4.2, popcnt, avx, avx2, aes, clmul, erms, rtm, 3dnowpref, lzcnt, tsc, tscinvbit, bmi1, bmi2, adx

Memory: 4k page, physical 16736704k(3985028k free), swap 32138520k(4708144k free)

vm_info: OpenJDK 64-Bit Server VM (25.242-b01) for windows-amd64 JRE (1.8.0_242-release-1644-b01), built by "builder" with MS VC++ 10.0 (VS2010)

time: Sat Oct 03 21:10:51 2020
timezone: Eastern Daylight Time
elapsed time: 2745 seconds (0d 0h 45m 45s)

